<?xml version="1.0" encoding="UTF-8"?>
<!-- Generated by org.testng.reporters.JUnitReportReporter -->
<testsuite hostname="Fatoouh" failures="0" tests="4" name="Tests.LoginTest" time="72.378" errors="0" timestamp="2023-09-07T06:05:58 EEST" skipped="0">
  <testcase classname="Tests.LoginTest" name="failLoginMissingPassword" time="16.421"/>
  <system-out/>
  <testcase classname="Tests.LoginTest" name="failLoginMissingUsername" time="16.854"/>
  <system-out/>
  <testcase classname="Tests.LoginTest" name="failLoginInvalidUser" time="19.242"/>
  <system-out/>
  <testcase classname="Tests.LoginTest" name="successLogin" time="19.861"/>
  <system-out/>
</testsuite> <!-- Tests.LoginTest -->
