<?xml version="1.0" encoding="UTF-8"?>
<!-- Generated by org.testng.reporters.JUnitReportReporter -->
<testsuite hostname="Fatoouh" failures="0" tests="1" name="Tests.FirstAppiumTest" time="15.402" errors="0" timestamp="2023-09-07T04:24:43 EEST" skipped="0">
  <testcase classname="Tests.FirstAppiumTest" name="runMessagesTest" time="15.402"/>
  <system-out/>
</testsuite> <!-- Tests.FirstAppiumTest -->
